TN:
SF:src\core\middleware\admin.middleware.ts
FN:6,adminMiddleware
FNF:1
FNH:1
FNDA:3,adminMiddleware
DA:3,1
DA:4,1
DA:6,1
DA:7,3
DA:8,1
DA:11,2
DA:12,1
DA:20,1
LF:8
LH:8
BRDA:7,0,0,1
BRDA:7,0,1,2
BRDA:11,1,0,1
BRDA:11,1,1,1
BRF:4
BRH:4
end_of_record
TN:
SF:src\core\middleware\auth.middleware.ts
FN:11,authMiddleware
FN:40,extractToken
FNF:2
FNH:2
FNDA:5,authMiddleware
FNDA:5,extractToken
DA:2,1
DA:3,1
DA:4,1
DA:5,1
DA:11,1
DA:17,5
DA:19,5
DA:20,3
DA:23,2
DA:24,2
DA:26,1
DA:28,1
DA:31,1
DA:42,5
DA:44,5
DA:45,1
DA:48,4
DA:49,1
DA:52,3
DA:54,3
DA:55,1
DA:58,2
LF:22
LH:22
BRDA:19,0,0,3
BRDA:19,0,1,2
BRDA:44,1,0,1
BRDA:44,1,1,4
BRDA:48,2,0,1
BRDA:48,2,1,3
BRDA:54,3,0,1
BRDA:54,3,1,2
BRF:8
BRH:8
end_of_record
TN:
SF:src\core\middleware\validate-schema.middleware.ts
FN:16,validateMiddleware
FN:17,(anonymous_1)
FN:21,(anonymous_2)
FNF:3
FNH:0
FNDA:0,validateMiddleware
FNDA:0,(anonymous_1)
FNDA:0,(anonymous_2)
DA:3,0
DA:4,0
DA:16,0
DA:17,0
DA:18,0
DA:20,0
DA:21,0
DA:22,0
DA:25,0
DA:26,0
DA:28,0
DA:31,0
LF:12
LH:0
BRDA:16,0,0,0
BRDA:20,1,0,0
BRDA:20,1,1,0
BRDA:25,2,0,0
BRDA:25,2,1,0
BRF:5
BRH:0
end_of_record
TN:
SF:src\core\models\base.responses.schema.ts
FN:10,(anonymous_1)
FNF:1
FNH:0
FNDA:0,(anonymous_1)
DA:1,0
DA:3,0
DA:10,0
DA:11,0
DA:15,0
LF:5
LH:0
BRF:0
BRH:0
end_of_record
TN:
SF:src\core\services\token.service.ts
FN:8,(anonymous_1)
FN:14,(anonymous_2)
FNF:2
FNH:2
FNDA:6,(anonymous_1)
FNDA:5,(anonymous_2)
DA:1,3
DA:6,3
DA:9,6
DA:15,5
DA:20,3
LF:5
LH:5
BRF:0
BRH:0
end_of_record
TN:
SF:src\core\utils\api-error-handler.ts
FN:5,sendError
FNF:1
FNH:1
FNDA:11,sendError
DA:2,2
DA:5,2
DA:12,11
DA:17,11
LF:4
LH:4
BRF:0
BRH:0
end_of_record
TN:
SF:src\modules\auth\auth.controller.ts
FN:9,(anonymous_0)
FN:13,(anonymous_1)
FNF:2
FNH:2
FNDA:7,(anonymous_0)
FNDA:7,(anonymous_1)
DA:2,1
DA:3,1
DA:4,1
DA:5,1
DA:6,1
DA:8,1
DA:10,7
DA:14,7
DA:15,7
DA:16,4
DA:18,3
DA:19,1
DA:27,2
DA:32,4
DA:33,3
DA:41,1
LF:16
LH:16
BRDA:10,0,0,7
BRDA:18,1,0,1
BRDA:18,1,1,2
BRDA:32,2,0,3
BRDA:32,2,1,1
BRDA:37,3,0,3
BRDA:37,3,1,0
BRDA:45,4,0,1
BRDA:45,4,1,0
BRF:9
BRH:7
end_of_record
TN:
SF:src\modules\auth\auth.repository.ts
FN:5,(anonymous_1)
FNF:1
FNH:0
FNDA:0,(anonymous_1)
DA:1,1
DA:2,1
DA:4,1
DA:6,0
DA:7,0
DA:9,0
DA:13,0
DA:15,0
DA:16,0
LF:9
LH:3
BRDA:13,0,0,0
BRDA:13,0,1,0
BRDA:16,1,0,0
BRDA:16,1,1,0
BRF:4
BRH:0
end_of_record
TN:
SF:src\modules\auth\auth.routes.ts
FNF:0
FNH:0
DA:1,0
DA:2,0
DA:4,0
DA:5,0
DA:7,0
DA:9,0
LF:6
LH:0
BRF:0
BRH:0
end_of_record
TN:
SF:src\modules\auth\auth.schema.ts
FNF:0
FNH:0
DA:1,2
DA:3,2
LF:2
LH:2
BRF:0
BRH:0
end_of_record
TN:
SF:src\modules\auth\auth.service.ts
FN:6,(anonymous_1)
FN:9,(anonymous_2)
FNF:2
FNH:2
FNDA:5,(anonymous_1)
FNDA:5,(anonymous_2)
DA:1,1
DA:2,1
DA:5,1
DA:7,5
DA:10,5
DA:12,4
DA:13,1
DA:16,3
DA:22,3
DA:28,3
LF:10
LH:10
BRDA:7,0,0,5
BRDA:12,1,0,1
BRDA:12,1,1,3
BRF:3
BRH:3
end_of_record
TN:
SF:src\modules\inventory\inventory.controller.ts
FN:10,(anonymous_0)
FN:12,(anonymous_1)
FN:68,(anonymous_2)
FN:123,(anonymous_3)
FNF:4
FNH:0
FNDA:0,(anonymous_0)
FNDA:0,(anonymous_1)
FNDA:0,(anonymous_2)
FNDA:0,(anonymous_3)
DA:2,0
DA:3,0
DA:4,0
DA:6,0
DA:7,0
DA:9,0
DA:10,0
DA:13,0
DA:14,0
DA:15,0
DA:23,0
DA:25,0
DA:30,0
DA:36,0
DA:37,0
DA:45,0
DA:46,0
DA:48,0
DA:53,0
DA:56,0
DA:59,0
DA:69,0
DA:70,0
DA:71,0
DA:79,0
DA:82,0
DA:83,0
DA:84,0
DA:87,0
DA:88,0
DA:89,0
DA:91,0
DA:101,0
DA:111,0
DA:112,0
DA:114,0
DA:124,0
DA:125,0
DA:126,0
DA:134,0
DA:136,0
DA:137,0
DA:145,0
DA:147,0
DA:148,0
DA:156,0
DA:161,0
DA:162,0
DA:164,0
LF:49
LH:0
BRDA:10,0,0,0
BRDA:14,1,0,0
BRDA:14,1,1,0
BRDA:36,2,0,0
BRDA:36,2,1,0
BRDA:41,3,0,0
BRDA:41,3,1,0
BRDA:45,4,0,0
BRDA:45,4,1,0
BRDA:48,5,0,0
BRDA:48,5,1,0
BRDA:49,6,0,0
BRDA:49,6,1,0
BRDA:49,6,2,0
BRDA:70,7,0,0
BRDA:70,7,1,0
BRDA:79,8,0,0
BRDA:79,8,1,0
BRDA:84,9,0,0
BRDA:84,9,1,0
BRDA:87,10,0,0
BRDA:87,10,1,0
BRDA:88,11,0,0
BRDA:88,11,1,0
BRDA:89,12,0,0
BRDA:89,12,1,0
BRDA:111,13,0,0
BRDA:111,13,1,0
BRDA:125,14,0,0
BRDA:125,14,1,0
BRDA:136,15,0,0
BRDA:136,15,1,0
BRDA:136,16,0,0
BRDA:136,16,1,0
BRDA:147,17,0,0
BRDA:147,17,1,0
BRDA:161,18,0,0
BRDA:161,18,1,0
BRF:38
BRH:0
end_of_record
TN:
SF:src\modules\inventory\inventory.repository.ts
FN:14,(anonymous_1)
FN:26,(anonymous_2)
FN:39,(anonymous_3)
FN:50,(anonymous_4)
FN:61,(anonymous_5)
FN:108,(anonymous_6)
FN:164,(anonymous_7)
FN:186,(anonymous_8)
FNF:8
FNH:8
FNDA:9,(anonymous_1)
FNDA:8,(anonymous_2)
FNDA:7,(anonymous_3)
FNDA:5,(anonymous_4)
FNDA:5,(anonymous_5)
FNDA:5,(anonymous_6)
FNDA:3,(anonymous_7)
FNDA:5,(anonymous_8)
DA:1,2
DA:2,2
DA:13,2
DA:15,9
DA:27,8
DA:36,8
DA:40,7
DA:59,5
DA:61,5
DA:62,5
DA:75,5
DA:99,5
DA:109,5
DA:111,5
DA:112,1
DA:119,5
DA:120,0
DA:123,5
DA:124,0
DA:129,5
DA:130,0
DA:131,0
DA:132,0
DA:134,0
DA:135,0
DA:139,5
DA:141,5
DA:143,5
DA:164,5
DA:165,3
DA:166,3
DA:167,3
DA:178,5
DA:187,5
DA:206,5
DA:207,2
DA:210,3
DA:211,3
DA:213,3
LF:39
LH:32
BRDA:36,0,0,8
BRDA:36,0,1,1
BRDA:59,1,0,2
BRDA:59,1,1,3
BRDA:82,2,0,0
BRDA:82,2,1,5
BRDA:111,3,0,1
BRDA:111,3,1,4
BRDA:119,4,0,0
BRDA:119,4,1,5
BRDA:120,5,0,0
BRDA:120,5,1,0
BRDA:123,6,0,0
BRDA:123,6,1,5
BRDA:129,7,0,0
BRDA:129,7,1,5
BRDA:129,8,0,5
BRDA:129,8,1,5
BRDA:131,9,0,0
BRDA:131,9,1,0
BRDA:134,10,0,0
BRDA:134,10,1,0
BRDA:166,11,0,2
BRDA:166,11,1,1
BRDA:170,12,0,3
BRDA:170,12,1,0
BRDA:206,13,0,2
BRDA:206,13,1,3
BRDA:211,14,0,3
BRDA:211,14,1,0
BRDA:216,15,0,3
BRDA:216,15,1,0
BRF:32
BRH:19
end_of_record
TN:
SF:src\modules\inventory\inventory.routes.ts
FNF:0
FNH:0
DA:1,0
DA:2,0
DA:3,0
DA:5,0
DA:6,0
DA:8,0
DA:14,0
DA:20,0
DA:26,0
LF:9
LH:0
BRF:0
BRH:0
end_of_record
TN:
SF:src\modules\inventory\inventory.schema.ts
FN:24,(anonymous_0)
FNF:1
FNH:1
FNDA:11,(anonymous_0)
DA:1,1
DA:3,1
DA:5,1
DA:14,1
DA:25,11
DA:30,11
DA:31,3
LF:7
LH:7
BRDA:30,0,0,3
BRDA:30,0,1,8
BRF:2
BRH:2
end_of_record
TN:
SF:src\modules\inventory\inventory.service.ts
FN:8,(anonymous_0)
FN:10,(anonymous_1)
FN:58,(anonymous_2)
FN:62,(anonymous_3)
FNF:4
FNH:4
FNDA:19,(anonymous_0)
FNDA:9,(anonymous_1)
FNDA:5,(anonymous_2)
FNDA:5,(anonymous_3)
DA:2,2
DA:7,2
DA:8,19
DA:15,9
DA:17,9
DA:18,1
DA:21,8
DA:23,8
DA:27,8
DA:28,1
DA:31,7
DA:33,7
DA:34,1
DA:37,6
DA:40,6
DA:44,6
DA:45,1
DA:48,5
DA:59,5
DA:63,5
LF:20
LH:20
BRDA:8,0,0,19
BRDA:17,1,0,1
BRDA:17,1,1,8
BRDA:27,2,0,1
BRDA:27,2,1,7
BRDA:33,3,0,1
BRDA:33,3,1,6
BRDA:40,4,0,3
BRDA:40,4,1,3
BRDA:44,5,0,1
BRDA:44,5,1,5
BRDA:50,6,0,5
BRDA:50,6,1,0
BRF:13
BRH:12
end_of_record
TN:
SF:src\modules\product-sizes\sizes.controller.ts
FN:13,(anonymous_0)
FN:35,(anonymous_1)
FNF:2
FNH:0
FNDA:0,(anonymous_0)
FNDA:0,(anonymous_1)
DA:2,0
DA:3,0
DA:4,0
DA:6,0
DA:7,0
DA:9,0
DA:11,0
DA:14,0
DA:15,0
DA:17,0
DA:23,0
DA:26,0
DA:36,0
DA:37,0
DA:39,0
DA:40,0
DA:48,0
DA:50,0
DA:56,0
DA:59,0
DA:60,0
DA:62,0
LF:22
LH:0
BRDA:39,0,0,0
BRDA:39,0,1,0
BRDA:59,1,0,0
BRDA:59,1,1,0
BRF:4
BRH:0
end_of_record
TN:
SF:src\modules\product-sizes\sizes.mapper.ts
FN:6,(anonymous_0)
FN:13,(anonymous_1)
FNF:2
FNH:2
FNDA:9,(anonymous_0)
FNDA:6,(anonymous_1)
DA:4,2
DA:7,9
DA:14,6
LF:3
LH:3
BRF:0
BRH:0
end_of_record
TN:
SF:src\modules\product-sizes\sizes.repository.ts
FN:7,(anonymous_1)
FN:14,(anonymous_2)
FN:24,(anonymous_3)
FNF:3
FNH:3
FNDA:4,(anonymous_1)
FNDA:7,(anonymous_2)
FNDA:5,(anonymous_3)
DA:1,2
DA:3,2
DA:5,2
DA:8,4
DA:11,4
DA:15,7
DA:19,7
DA:21,5
DA:25,5
DA:30,5
LF:10
LH:10
BRDA:19,0,0,2
BRDA:19,0,1,5
BRF:2
BRH:2
end_of_record
TN:
SF:src\modules\product-sizes\sizes.routes.ts
FNF:0
FNH:0
DA:1,0
DA:2,0
DA:3,0
DA:4,0
DA:5,0
DA:7,0
DA:8,0
DA:10,0
DA:12,0
DA:16,0
LF:10
LH:0
BRF:0
BRH:0
end_of_record
TN:
SF:src\modules\product-sizes\sizes.schema.ts
FNF:0
FNH:0
DA:1,1
DA:3,1
DA:14,1
LF:3
LH:3
BRF:0
BRH:0
end_of_record
TN:
SF:src\modules\product-sizes\sizes.service.ts
FN:9,(anonymous_0)
FN:13,(anonymous_1)
FNF:2
FNH:2
FNDA:4,(anonymous_0)
FNDA:7,(anonymous_1)
DA:1,2
DA:3,2
DA:5,2
DA:7,2
DA:10,4
DA:14,7
DA:16,7
DA:17,2
DA:20,5
LF:9
LH:9
BRDA:16,0,0,2
BRDA:16,0,1,5
BRF:2
BRH:2
end_of_record
TN:
SF:src\modules\product-sizes\schemas\sizes.request.schema.ts
FNF:0
FNH:0
DA:1,0
DA:3,0
LF:2
LH:0
BRF:0
BRH:0
end_of_record
TN:
SF:src\modules\product-sizes\schemas\sizes.response.schema.ts
FNF:0
FNH:0
DA:1,0
DA:2,0
DA:3,0
DA:5,0
DA:7,0
DA:9,0
DA:11,0
DA:13,0
DA:15,0
LF:9
LH:0
BRF:0
BRH:0
end_of_record
TN:
SF:src\modules\products\products.controller.ts
FN:14,(anonymous_0)
FN:37,(anonymous_1)
FN:61,(anonymous_2)
FN:79,(anonymous_3)
FN:99,(anonymous_4)
FNF:5
FNH:0
FNDA:0,(anonymous_0)
FNDA:0,(anonymous_1)
FNDA:0,(anonymous_2)
FNDA:0,(anonymous_3)
FNDA:0,(anonymous_4)
DA:2,0
DA:3,0
DA:4,0
DA:6,0
DA:7,0
DA:10,0
DA:12,0
DA:15,0
DA:16,0
DA:18,0
DA:24,0
DA:27,0
DA:28,0
DA:30,0
DA:31,0
DA:33,0
DA:38,0
DA:39,0
DA:40,0
DA:42,0
DA:48,0
DA:51,0
DA:52,0
DA:54,0
DA:55,0
DA:57,0
DA:62,0
DA:64,0
DA:66,0
DA:72,0
DA:75,0
DA:80,0
DA:81,0
DA:82,0
DA:84,0
DA:90,0
DA:92,0
DA:93,0
DA:95,0
DA:100,0
DA:101,0
DA:102,0
DA:104,0
DA:109,0
DA:112,0
DA:113,0
DA:115,0
LF:47
LH:0
BRDA:27,0,0,0
BRDA:27,0,1,0
BRDA:30,1,0,0
BRDA:30,1,1,0
BRDA:51,2,0,0
BRDA:51,2,1,0
BRDA:54,3,0,0
BRDA:54,3,1,0
BRDA:92,4,0,0
BRDA:92,4,1,0
BRDA:106,5,0,0
BRDA:106,5,1,0
BRDA:112,6,0,0
BRDA:112,6,1,0
BRF:14
BRH:0
end_of_record
TN:
SF:src\modules\products\products.mapper.ts
FN:11,(anonymous_0)
FN:27,(anonymous_1)
FNF:2
FNH:2
FNDA:22,(anonymous_0)
FNDA:3,(anonymous_1)
DA:9,4
DA:12,22
DA:28,3
DA:29,3
LF:4
LH:4
BRDA:19,0,0,22
BRDA:19,0,1,22
BRDA:20,1,0,22
BRDA:20,1,1,22
BRDA:21,2,0,22
BRDA:21,2,1,0
BRDA:22,3,0,22
BRDA:22,3,1,0
BRDA:23,4,0,22
BRDA:23,4,1,0
BRDA:33,5,0,3
BRDA:33,5,1,2
BRDA:34,6,0,3
BRDA:34,6,1,2
BRF:14
BRH:11
end_of_record
TN:
SF:src\modules\products\products.repository.ts
FN:11,(anonymous_1)
FN:17,(anonymous_2)
FN:26,(anonymous_3)
FN:40,(anonymous_4)
FN:58,(anonymous_5)
FN:72,(anonymous_6)
FN:73,(anonymous_7)
FN:86,(anonymous_8)
FN:87,(anonymous_9)
FN:107,(anonymous_10)
FN:123,(anonymous_11)
FN:134,(anonymous_12)
FN:146,(anonymous_13)
FN:153,(anonymous_14)
FN:154,(anonymous_15)
FN:162,(anonymous_16)
FN:164,(anonymous_17)
FN:169,(anonymous_18)
FNF:18
FNH:17
FNDA:9,(anonymous_1)
FNDA:7,(anonymous_2)
FNDA:5,(anonymous_3)
FNDA:7,(anonymous_4)
FNDA:13,(anonymous_5)
FNDA:3,(anonymous_6)
FNDA:3,(anonymous_7)
FNDA:1,(anonymous_8)
FNDA:1,(anonymous_9)
FNDA:1,(anonymous_10)
FNDA:0,(anonymous_11)
FNDA:6,(anonymous_12)
FNDA:6,(anonymous_13)
FNDA:6,(anonymous_14)
FNDA:4,(anonymous_15)
FNDA:6,(anonymous_16)
FNDA:2,(anonymous_17)
FNDA:3,(anonymous_18)
DA:1,4
DA:4,4
DA:9,4
DA:12,9
DA:18,7
DA:27,5
DA:32,5
DA:34,2
DA:41,7
DA:50,7
DA:52,2
DA:59,13
DA:64,13
DA:66,10
DA:73,3
DA:74,3
DA:80,3
DA:87,1
DA:88,1
DA:90,1
DA:91,0
DA:92,0
DA:98,1
DA:101,1
DA:108,1
DA:124,0
DA:135,6
DA:141,6
DA:143,6
DA:147,6
DA:154,6
DA:155,4
DA:163,6
DA:164,2
DA:166,5
DA:170,3
LF:36
LH:33
BRDA:32,0,0,3
BRDA:32,0,1,2
BRDA:36,1,0,2
BRDA:36,1,1,0
BRDA:50,2,0,5
BRDA:50,2,1,2
BRDA:54,3,0,2
BRDA:54,3,1,0
BRDA:64,4,0,3
BRDA:64,4,1,10
BRDA:68,5,0,10
BRDA:68,5,1,0
BRDA:82,6,0,3
BRDA:82,6,1,0
BRDA:90,7,0,0
BRDA:90,7,1,1
BRDA:90,8,0,1
BRDA:90,8,1,1
BRDA:90,8,2,1
BRDA:103,9,0,1
BRDA:103,9,1,0
BRDA:111,10,0,1
BRDA:111,10,1,1
BRDA:112,11,0,1
BRDA:112,11,1,0
BRDA:113,12,0,1
BRDA:113,12,1,0
BRDA:114,13,0,1
BRDA:114,13,1,0
BRDA:115,14,0,1
BRDA:115,14,1,0
BRDA:116,15,0,1
BRDA:116,15,1,0
BRDA:127,16,0,0
BRDA:127,16,1,0
BRDA:128,17,0,0
BRDA:128,17,1,0
BRDA:129,18,0,0
BRDA:129,18,1,0
BRDA:148,19,0,6
BRDA:148,19,1,1
BRDA:149,20,0,6
BRDA:149,20,1,1
BRDA:157,21,0,4
BRDA:157,21,1,0
BRDA:163,22,0,1
BRDA:163,22,1,5
BRF:47
BRH:29
end_of_record
TN:
SF:src\modules\products\products.routes.ts
FNF:0
FNH:0
DA:1,0
DA:2,0
DA:4,0
DA:5,0
DA:6,0
DA:8,0
DA:9,0
DA:11,0
DA:14,0
DA:17,0
DA:20,0
DA:22,0
DA:25,0
LF:13
LH:0
BRF:0
BRH:0
end_of_record
TN:
SF:src\modules\products\products.schema.ts
FNF:0
FNH:0
DA:1,0
DA:3,0
LF:2
LH:0
BRF:0
BRH:0
end_of_record
TN:
SF:src\modules\products\products.service.ts
FN:11,(anonymous_0)
FN:18,(anonymous_1)
FN:24,(anonymous_2)
FN:34,(anonymous_3)
FN:41,(anonymous_4)
FN:46,(anonymous_5)
FN:57,(anonymous_6)
FN:61,(anonymous_7)
FN:71,(anonymous_8)
FN:87,(anonymous_9)
FN:97,(anonymous_10)
FNF:11
FNH:11
FNDA:7,(anonymous_0)
FNDA:6,(anonymous_1)
FNDA:5,(anonymous_2)
FNDA:5,(anonymous_3)
FNDA:5,(anonymous_4)
FNDA:3,(anonymous_5)
FNDA:6,(anonymous_6)
FNDA:13,(anonymous_7)
FNDA:9,(anonymous_8)
FNDA:7,(anonymous_9)
FNDA:4,(anonymous_10)
DA:1,4
DA:2,4
DA:5,4
DA:7,4
DA:9,4
DA:12,7
DA:13,5
DA:14,4
DA:15,3
DA:19,6
DA:20,5
DA:21,1
DA:25,5
DA:26,5
DA:27,5
DA:28,5
DA:30,5
DA:31,3
DA:35,5
DA:36,5
DA:37,2
DA:42,5
DA:43,5
DA:47,3
DA:48,3
DA:49,2
DA:52,2
DA:53,1
DA:58,6
DA:62,13
DA:64,13
DA:65,3
DA:68,10
DA:72,9
DA:74,9
DA:75,2
DA:78,7
DA:80,7
DA:81,2
DA:88,7
DA:90,7
DA:91,2
DA:98,4
DA:99,3
LF:44
LH:44
BRDA:25,0,0,5
BRDA:25,0,1,3
BRDA:26,1,0,5
BRDA:26,1,1,4
BRDA:27,2,0,5
BRDA:27,2,1,3
BRDA:28,3,0,5
BRDA:28,3,1,4
BRDA:36,4,0,2
BRDA:36,4,1,3
BRDA:36,5,0,5
BRDA:36,5,1,2
BRDA:42,6,0,5
BRDA:42,6,1,3
BRDA:43,7,0,2
BRDA:43,7,1,3
BRDA:47,8,0,3
BRDA:47,8,1,1
BRDA:47,8,2,1
BRDA:48,9,0,2
BRDA:48,9,1,1
BRDA:52,10,0,1
BRDA:52,10,1,1
BRDA:64,11,0,3
BRDA:64,11,1,10
BRDA:74,12,0,2
BRDA:74,12,1,7
BRDA:80,13,0,2
BRDA:80,13,1,5
BRDA:90,14,0,2
BRDA:90,14,1,5
BRDA:90,15,0,7
BRDA:90,15,1,2
BRF:33
BRH:33
end_of_record
TN:
SF:src\modules\products\schemas\products.requests.schema.ts
FN:11,(anonymous_0)
FN:14,(anonymous_1)
FNF:2
FNH:0
FNDA:0,(anonymous_0)
FNDA:0,(anonymous_1)
DA:1,0
DA:2,0
DA:4,0
DA:6,0
DA:11,0
DA:14,0
DA:18,0
DA:20,0
LF:8
LH:0
BRF:0
BRH:0
end_of_record
TN:
SF:src\modules\products\schemas\products.responses.schema.ts
FNF:0
FNH:0
DA:1,0
DA:2,0
DA:3,0
DA:5,0
DA:7,0
DA:9,0
DA:11,0
DA:13,0
DA:15,0
DA:17,0
LF:10
LH:0
BRF:0
BRH:0
end_of_record
TN:
SF:src\modules\reports\reports.controller.ts
FN:10,(anonymous_0)
FN:12,(anonymous_1)
FN:49,(anonymous_2)
FN:85,(anonymous_3)
FN:95,(anonymous_4)
FN:104,(anonymous_5)
FN:113,(anonymous_6)
FN:121,(anonymous_7)
FNF:8
FNH:0
FNDA:0,(anonymous_0)
FNDA:0,(anonymous_1)
FNDA:0,(anonymous_2)
FNDA:0,(anonymous_3)
FNDA:0,(anonymous_4)
FNDA:0,(anonymous_5)
FNDA:0,(anonymous_6)
FNDA:0,(anonymous_7)
DA:2,0
DA:4,0
DA:5,0
DA:6,0
DA:7,0
DA:9,0
DA:10,0
DA:13,0
DA:14,0
DA:15,0
DA:17,0
DA:27,0
DA:28,0
DA:36,0
DA:37,0
DA:40,0
DA:50,0
DA:51,0
DA:52,0
DA:54,0
DA:64,0
DA:65,0
DA:73,0
DA:74,0
DA:77,0
DA:86,0
DA:87,0
DA:88,0
DA:89,0
DA:92,0
DA:96,0
DA:97,0
DA:98,0
DA:99,0
DA:101,0
DA:105,0
DA:106,0
DA:107,0
DA:108,0
DA:110,0
DA:114,0
DA:115,0
DA:116,0
DA:118,0
DA:122,0
DA:123,0
DA:131,0
DA:132,0
DA:133,0
DA:136,0
LF:50
LH:0
BRDA:10,0,0,0
BRDA:27,1,0,0
BRDA:27,1,1,0
BRDA:32,2,0,0
BRDA:32,2,1,0
BRDA:36,3,0,0
BRDA:36,3,1,0
BRDA:64,4,0,0
BRDA:64,4,1,0
BRDA:69,5,0,0
BRDA:69,5,1,0
BRDA:73,6,0,0
BRDA:73,6,1,0
BRDA:122,7,0,0
BRDA:122,7,1,0
BRDA:127,8,0,0
BRDA:127,8,1,0
BRDA:131,9,0,0
BRDA:131,9,1,0
BRDA:132,10,0,0
BRDA:132,10,1,0
BRF:21
BRH:0
end_of_record
TN:
SF:src\modules\reports\reports.mapper.ts
FN:3,(anonymous_0)
FN:4,(anonymous_1)
FN:15,(anonymous_2)
FN:23,(anonymous_3)
FN:25,(anonymous_4)
FN:37,(anonymous_5)
FNF:6
FNH:6
FNDA:8,(anonymous_0)
FNDA:9,(anonymous_1)
FNDA:9,(anonymous_2)
FNDA:5,(anonymous_3)
FNDA:10,(anonymous_4)
FNDA:3,(anonymous_5)
DA:2,4
DA:4,8
DA:5,9
DA:6,9
DA:9,8
DA:15,9
DA:24,5
DA:25,5
DA:26,10
DA:27,10
DA:28,10
DA:30,10
DA:31,7
DA:34,10
DA:35,10
DA:37,5
LF:16
LH:16
BRDA:5,0,0,9
BRDA:5,0,1,0
BRDA:6,1,0,9
BRDA:6,1,1,0
BRDA:18,2,0,9
BRDA:18,2,1,0
BRDA:19,3,0,8
BRDA:19,3,1,1
BRDA:26,4,0,10
BRDA:26,4,1,0
BRDA:27,5,0,9
BRDA:27,5,1,1
BRDA:28,6,0,10
BRDA:28,6,1,0
BRDA:30,7,0,7
BRDA:30,7,1,3
BRF:16
BRH:11
end_of_record
TN:
SF:src\modules\reports\reports.repository.ts
FN:53,buildDateRange
FN:65,parseAdjustmentReason
FN:76,parseAdjustmentNotes
FN:82,(anonymous_4)
FN:135,(anonymous_5)
FN:152,(anonymous_6)
FN:176,(anonymous_7)
FN:231,(anonymous_8)
FN:274,(anonymous_9)
FN:316,(anonymous_10)
FNF:10
FNH:9
FNDA:0,buildDateRange
FNDA:7,parseAdjustmentReason
FNDA:7,parseAdjustmentNotes
FNDA:8,(anonymous_4)
FNDA:6,(anonymous_5)
FNDA:6,(anonymous_6)
FNDA:8,(anonymous_7)
FNDA:7,(anonymous_8)
FNDA:8,(anonymous_9)
FNDA:5,(anonymous_10)
DA:2,4
DA:44,4
DA:54,0
DA:55,0
DA:58,0
DA:59,0
DA:62,0
DA:66,7
DA:68,7
DA:69,1
DA:72,6
DA:73,6
DA:77,7
DA:78,7
DA:81,4
DA:83,8
DA:87,8
DA:88,1
DA:91,8
DA:92,0
DA:95,8
DA:96,8
DA:98,8
DA:135,8
DA:136,6
DA:138,6
DA:153,6
DA:154,6
DA:156,6
DA:168,8
DA:177,8
DA:183,8
DA:184,0
DA:187,8
DA:188,0
DA:193,8
DA:194,0
DA:197,8
DA:198,8
DA:200,8
DA:231,8
DA:232,7
DA:233,7
DA:234,7
DA:236,7
DA:267,8
DA:276,8
DA:317,5
LF:48
LH:39
BRDA:54,0,0,0
BRDA:54,0,1,0
BRDA:58,1,0,0
BRDA:58,1,1,0
BRDA:68,2,0,1
BRDA:68,2,1,6
BRDA:73,3,0,6
BRDA:73,3,1,0
BRDA:78,4,0,7
BRDA:78,4,1,1
BRDA:87,5,0,1
BRDA:87,5,1,7
BRDA:91,6,0,0
BRDA:91,6,1,8
BRDA:91,7,0,8
BRDA:91,7,1,8
BRDA:136,8,0,6
BRDA:136,8,1,0
BRDA:141,9,0,5
BRDA:141,9,1,1
BRDA:150,10,0,6
BRDA:150,10,1,0
BRDA:151,11,0,6
BRDA:151,11,1,0
BRDA:157,12,0,6
BRDA:157,12,1,0
BRDA:158,13,0,6
BRDA:158,13,1,0
BRDA:159,14,0,6
BRDA:159,14,1,0
BRDA:183,15,0,0
BRDA:183,15,1,8
BRDA:187,16,0,0
BRDA:187,16,1,8
BRDA:193,17,0,0
BRDA:193,17,1,8
BRDA:193,18,0,8
BRDA:193,18,1,8
BRDA:232,19,0,7
BRDA:232,19,1,0
BRDA:233,20,0,6
BRDA:233,20,1,1
BRDA:239,21,0,7
BRDA:239,21,1,0
BRDA:250,22,0,6
BRDA:250,22,1,1
BRDA:251,23,0,7
BRDA:251,23,1,0
BRDA:254,24,0,7
BRDA:254,24,1,0
BRDA:256,25,0,7
BRDA:256,25,1,0
BRDA:257,26,0,7
BRDA:257,26,1,0
BRDA:258,27,0,7
BRDA:258,27,1,0
BRF:56
BRH:34
end_of_record
TN:
SF:src\modules\reports\reports.routes.ts
FNF:0
FNH:0
DA:1,0
DA:2,0
DA:3,0
DA:4,0
DA:6,0
DA:7,0
DA:9,0
DA:10,0
DA:16,0
DA:17,0
DA:18,0
DA:19,0
DA:21,0
LF:13
LH:0
BRF:0
BRH:0
end_of_record
TN:
SF:src\modules\reports\reports.schema.ts
FN:27,(anonymous_0)
FN:30,(anonymous_1)
FNF:2
FNH:0
FNDA:0,(anonymous_0)
FNDA:0,(anonymous_1)
DA:1,0
DA:3,0
DA:12,0
DA:24,0
DA:27,0
DA:30,0
LF:6
LH:0
BRF:0
BRH:0
end_of_record
TN:
SF:src\modules\reports\reports.service.ts
FN:6,(anonymous_0)
FN:8,(anonymous_1)
FN:12,(anonymous_2)
FN:15,(anonymous_3)
FN:26,(anonymous_4)
FN:41,(anonymous_5)
FN:54,(anonymous_6)
FN:57,(anonymous_7)
FNF:8
FNH:8
FNDA:30,(anonymous_0)
FNDA:8,(anonymous_1)
FNDA:8,(anonymous_2)
FNDA:5,(anonymous_3)
FNDA:2,(anonymous_4)
FNDA:2,(anonymous_5)
FNDA:5,(anonymous_6)
FNDA:7,(anonymous_7)
DA:2,4
DA:3,4
DA:5,4
DA:6,30
DA:9,8
DA:13,8
DA:16,5
DA:17,5
DA:18,1
DA:20,4
DA:21,4
DA:22,4
DA:23,4
DA:24,4
DA:27,2
DA:28,2
DA:29,2
DA:30,2
DA:31,2
DA:32,2
DA:33,2
DA:34,2
DA:35,2
DA:36,2
DA:37,2
DA:39,2
DA:42,2
DA:43,2
DA:44,2
DA:45,2
DA:46,2
DA:47,2
DA:48,2
DA:52,2
DA:55,5
DA:56,5
DA:57,7
DA:59,5
LF:38
LH:38
BRDA:6,0,0,30
BRDA:17,1,0,1
BRDA:17,1,1,4
BRDA:30,2,0,0
BRDA:30,2,1,2
BRF:5
BRH:4
end_of_record
TN:
SF:src\modules\sales\sales.controller.ts
FN:10,(anonymous_0)
FN:12,(anonymous_1)
FNF:2
FNH:0
FNDA:0,(anonymous_0)
FNDA:0,(anonymous_1)
DA:2,0
DA:3,0
DA:4,0
DA:6,0
DA:7,0
DA:9,0
DA:10,0
DA:13,0
DA:14,0
DA:15,0
DA:18,0
DA:19,0
DA:21,0
DA:27,0
DA:28,0
DA:36,0
DA:37,0
DA:39,0
DA:44,0
DA:47,0
DA:50,0
LF:21
LH:0
BRDA:10,0,0,0
BRDA:14,1,0,0
BRDA:14,1,1,0
BRDA:27,2,0,0
BRDA:27,2,1,0
BRDA:32,3,0,0
BRDA:32,3,1,0
BRDA:36,4,0,0
BRDA:36,4,1,0
BRDA:39,5,0,0
BRDA:39,5,1,0
BRDA:40,6,0,0
BRDA:40,6,1,0
BRDA:40,6,2,0
BRF:14
BRH:0
end_of_record
TN:
SF:src\modules\sales\sales.repository.ts
FN:21,(anonymous_1)
FN:37,(anonymous_2)
FN:45,(anonymous_3)
FN:51,(anonymous_4)
FN:58,(anonymous_5)
FN:76,(anonymous_6)
FNF:6
FNH:6
FNDA:8,(anonymous_1)
FNDA:8,(anonymous_2)
FNDA:3,(anonymous_3)
FNDA:4,(anonymous_4)
FNDA:3,(anonymous_5)
FNDA:4,(anonymous_6)
DA:1,1
DA:2,1
DA:20,1
DA:22,8
DA:38,8
DA:42,8
DA:50,3
DA:51,4
DA:54,3
DA:55,3
DA:56,3
DA:58,3
DA:59,3
DA:60,4
DA:66,3
DA:76,4
DA:87,3
DA:98,3
DA:101,3
LF:19
LH:19
BRDA:42,0,0,8
BRDA:42,0,1,1
BRDA:72,1,0,0
BRDA:72,1,1,3
BRF:4
BRH:3
end_of_record
TN:
SF:src\modules\sales\sales.routes.ts
FNF:0
FNH:0
DA:1,0
DA:2,0
DA:3,0
DA:5,0
DA:6,0
DA:8,0
DA:10,0
LF:7
LH:0
BRF:0
BRH:0
end_of_record
TN:
SF:src\modules\sales\sales.schema.ts
FNF:0
FNH:0
DA:1,1
DA:3,1
DA:9,1
LF:3
LH:3
BRF:0
BRH:0
end_of_record
TN:
SF:src\modules\sales\sales.service.ts
FN:5,(anonymous_0)
FN:7,(anonymous_1)
FNF:2
FNH:2
FNDA:8,(anonymous_0)
FNDA:8,(anonymous_1)
DA:2,1
DA:4,1
DA:5,8
DA:8,8
DA:10,8
DA:11,1
DA:20,7
DA:22,7
DA:23,8
DA:25,8
DA:26,1
DA:29,7
DA:30,1
DA:33,6
DA:35,6
DA:36,1
DA:39,5
DA:40,5
DA:42,5
DA:43,1
DA:48,4
DA:57,3
LF:22
LH:22
BRDA:5,0,0,8
BRDA:10,1,0,1
BRDA:10,1,1,7
BRDA:25,2,0,1
BRDA:25,2,1,7
BRDA:29,3,0,1
BRDA:29,3,1,6
BRDA:35,4,0,1
BRDA:35,4,1,5
BRDA:42,5,0,1
BRDA:42,5,1,4
BRF:11
BRH:11
end_of_record
TN:
SF:src\modules\users\users.controller.ts
FN:6,(anonymous_0)
FN:9,(anonymous_1)
FN:24,(anonymous_2)
FN:44,(anonymous_3)
FN:66,(anonymous_4)
FN:87,(anonymous_5)
FN:105,(anonymous_6)
FNF:7
FNH:0
FNDA:0,(anonymous_0)
FNDA:0,(anonymous_1)
FNDA:0,(anonymous_2)
FNDA:0,(anonymous_3)
FNDA:0,(anonymous_4)
FNDA:0,(anonymous_5)
FNDA:0,(anonymous_6)
DA:2,0
DA:3,0
DA:4,0
DA:6,0
DA:7,0
DA:10,0
DA:11,0
DA:12,0
DA:17,0
DA:25,0
DA:26,0
DA:27,0
DA:28,0
DA:32,0
DA:33,0
DA:38,0
DA:45,0
DA:46,0
DA:47,0
DA:48,0
DA:54,0
DA:55,0
DA:60,0
DA:67,0
DA:68,0
DA:69,0
DA:70,0
DA:72,0
DA:78,0
DA:79,0
DA:84,0
DA:88,0
DA:89,0
DA:90,0
DA:91,0
DA:96,0
DA:97,0
DA:102,0
DA:106,0
DA:107,0
DA:108,0
DA:110,0
DA:112,0
DA:117,0
LF:44
LH:0
BRDA:19,0,0,0
BRDA:19,0,1,0
BRDA:32,1,0,0
BRDA:32,1,1,0
BRDA:35,2,0,0
BRDA:35,2,1,0
BRDA:40,3,0,0
BRDA:40,3,1,0
BRDA:54,4,0,0
BRDA:54,4,1,0
BRDA:57,5,0,0
BRDA:57,5,1,0
BRDA:62,6,0,0
BRDA:62,6,1,0
BRDA:78,7,0,0
BRDA:78,7,1,0
BRDA:81,8,0,0
BRDA:81,8,1,0
BRDA:96,9,0,0
BRDA:96,9,1,0
BRDA:99,10,0,0
BRDA:99,10,1,0
BRDA:114,11,0,0
BRDA:114,11,1,0
BRF:24
BRH:0
end_of_record
TN:
SF:src\modules\users\users.mapper.ts
FN:2,(anonymous_0)
FNF:1
FNH:1
FNDA:10,(anonymous_0)
DA:1,4
DA:3,10
DA:4,9
LF:3
LH:3
BRDA:3,0,0,1
BRDA:3,0,1,9
BRDA:15,1,0,9
BRDA:15,1,1,0
BRF:4
BRH:3
end_of_record
TN:
SF:src\modules\users\users.repository.ts
FN:9,(anonymous_1)
FN:18,(anonymous_2)
FN:26,(anonymous_3)
FN:35,(anonymous_4)
FN:37,(anonymous_5)
FN:66,(anonymous_6)
FN:70,(anonymous_7)
FN:95,(anonymous_8)
FN:105,(anonymous_9)
FN:113,(anonymous_10)
FN:123,(anonymous_11)
FN:153,(anonymous_12)
FN:154,(anonymous_13)
FNF:13
FNH:10
FNDA:0,(anonymous_1)
FNDA:8,(anonymous_2)
FNDA:6,(anonymous_3)
FNDA:3,(anonymous_4)
FNDA:3,(anonymous_5)
FNDA:1,(anonymous_6)
FNDA:1,(anonymous_7)
FNDA:7,(anonymous_8)
FNDA:0,(anonymous_9)
FNDA:0,(anonymous_10)
FNDA:4,(anonymous_11)
FNDA:2,(anonymous_12)
FNDA:2,(anonymous_13)
DA:1,4
DA:3,4
DA:6,4
DA:8,4
DA:10,0
DA:16,0
DA:19,8
DA:20,8
DA:27,6
DA:28,6
DA:36,3
DA:37,3
DA:38,3
DA:45,3
DA:57,3
DA:67,1
DA:70,1
DA:71,1
DA:78,1
DA:79,1
DA:86,1
DA:96,7
DA:106,0
DA:114,0
DA:124,4
DA:126,4
DA:127,4
DA:128,4
DA:129,0
DA:131,4
DA:132,0
DA:138,4
DA:140,4
DA:154,2
DA:155,2
DA:159,2
LF:36
LH:30
BRDA:53,0,0,3
BRDA:53,0,1,0
BRDA:67,1,0,0
BRDA:67,1,1,1
BRDA:74,2,0,1
BRDA:74,2,1,0
BRDA:75,3,0,1
BRDA:75,3,1,0
BRDA:126,4,0,0
BRDA:126,4,1,4
BRDA:127,5,0,0
BRDA:127,5,1,4
BRDA:128,6,0,0
BRDA:128,6,1,4
BRDA:131,7,0,0
BRDA:131,7,1,4
BRDA:131,8,0,4
BRDA:131,8,1,4
BRDA:134,9,0,0
BRDA:134,9,1,0
BRDA:135,10,0,0
BRDA:135,10,1,0
BRF:22
BRH:10
end_of_record
TN:
SF:src\modules\users\users.routes.ts
FNF:0
FNH:0
DA:1,0
DA:2,0
DA:3,0
DA:5,0
DA:6,0
DA:8,0
DA:9,0
DA:10,0
DA:11,0
DA:12,0
DA:13,0
DA:15,0
LF:12
LH:0
BRF:0
BRH:0
end_of_record
TN:
SF:src\modules\users\users.schema.ts
FN:5,(anonymous_0)
FN:7,(anonymous_1)
FN:8,(anonymous_2)
FN:16,(anonymous_3)
FN:16,(anonymous_4)
FN:19,(anonymous_5)
FN:20,(anonymous_6)
FN:25,(anonymous_7)
FN:38,(anonymous_8)
FN:39,(anonymous_9)
FN:42,(anonymous_10)
FN:46,(anonymous_11)
FN:49,(anonymous_12)
FNF:13
FNH:0
FNDA:0,(anonymous_0)
FNDA:0,(anonymous_1)
FNDA:0,(anonymous_2)
FNDA:0,(anonymous_3)
FNDA:0,(anonymous_4)
FNDA:0,(anonymous_5)
FNDA:0,(anonymous_6)
FNDA:0,(anonymous_7)
FNDA:0,(anonymous_8)
FNDA:0,(anonymous_9)
FNDA:0,(anonymous_10)
FNDA:0,(anonymous_11)
FNDA:0,(anonymous_12)
DA:1,0
DA:2,0
DA:3,0
DA:5,0
DA:7,0
DA:9,0
DA:16,0
DA:19,0
DA:20,0
DA:26,0
DA:31,0
DA:35,0
DA:38,0
DA:39,0
DA:42,0
DA:46,0
DA:50,0
LF:17
LH:0
BRDA:39,0,0,0
BRDA:39,0,1,0
BRDA:39,0,2,0
BRDA:42,1,0,0
BRDA:42,1,1,0
BRDA:46,2,0,0
BRDA:46,2,1,0
BRDA:46,3,0,0
BRDA:46,3,1,0
BRF:9
BRH:0
end_of_record
TN:
SF:src\modules\users\users.service.ts
FN:7,(anonymous_0)
FN:10,(anonymous_1)
FN:20,(anonymous_2)
FN:26,(anonymous_3)
FN:29,(anonymous_4)
FN:42,(anonymous_5)
FN:62,(anonymous_6)
FN:66,(anonymous_7)
FN:67,(anonymous_8)
FN:69,(anonymous_9)
FNF:10
FNH:8
FNDA:16,(anonymous_0)
FNDA:8,(anonymous_1)
FNDA:5,(anonymous_2)
FNDA:0,(anonymous_3)
FNDA:0,(anonymous_4)
FNDA:4,(anonymous_5)
FNDA:4,(anonymous_6)
FNDA:4,(anonymous_7)
FNDA:4,(anonymous_8)
FNDA:3,(anonymous_9)
DA:1,4
DA:2,4
DA:6,4
DA:8,16
DA:11,8
DA:12,8
DA:13,2
DA:15,6
DA:16,6
DA:17,2
DA:21,5
DA:22,3
DA:23,3
DA:27,0
DA:30,0
DA:31,0
DA:32,0
DA:33,0
DA:34,0
DA:35,0
DA:38,0
DA:39,0
DA:43,4
DA:44,4
DA:45,1
DA:47,3
DA:49,3
DA:55,1
DA:57,1
DA:58,0
DA:60,1
DA:63,4
DA:64,4
DA:65,4
DA:66,4
DA:67,4
DA:70,3
DA:71,3
DA:73,2
DA:75,2
LF:40
LH:30
BRDA:8,0,0,16
BRDA:12,1,0,2
BRDA:12,1,1,6
BRDA:12,2,0,8
BRDA:12,2,1,2
BRDA:16,3,0,2
BRDA:16,3,1,4
BRDA:16,4,0,6
BRDA:16,4,1,2
BRDA:30,5,0,0
BRDA:30,5,1,0
BRDA:32,6,0,0
BRDA:32,6,1,0
BRDA:34,7,0,0
BRDA:34,7,1,0
BRDA:34,8,0,0
BRDA:34,8,1,0
BRDA:44,9,0,1
BRDA:44,9,1,3
BRDA:44,10,0,4
BRDA:44,10,1,3
BRDA:50,11,0,3
BRDA:50,11,1,3
BRDA:51,12,0,3
BRDA:51,12,1,2
BRDA:57,13,0,0
BRDA:57,13,1,1
BRDA:64,14,0,0
BRDA:64,14,1,4
BRDA:71,15,0,1
BRDA:71,15,1,2
BRF:31
BRH:21
end_of_record
TN:
SF:src\shared\errors\api-error-codes.ts
FN:1,(anonymous_0)
FNF:1
FNH:1
FNDA:2,(anonymous_0)
DA:1,2
DA:2,2
DA:3,2
DA:4,2
DA:5,2
DA:6,2
DA:7,2
DA:8,2
DA:9,2
LF:9
LH:9
BRDA:1,0,0,2
BRDA:1,0,1,2
BRF:2
BRH:2
end_of_record
TN:
SF:src\shared\errors\conflict-error-codes.ts
FN:2,(anonymous_0)
FNF:1
FNH:1
FNDA:4,(anonymous_0)
DA:1,4
DA:3,4
DA:4,4
LF:3
LH:3
BRF:0
BRH:0
end_of_record
TN:
SF:src\shared\errors\not-found-error-codes.ts
FN:2,(anonymous_0)
FNF:1
FNH:1
FNDA:9,(anonymous_0)
DA:1,6
DA:3,9
DA:4,9
LF:3
LH:3
BRF:0
BRH:0
end_of_record
TN:
SF:src\shared\models\api\error-response.schema.ts
FNF:0
FNH:0
DA:1,2
DA:3,2
LF:2
LH:2
BRF:0
BRH:0
end_of_record
TN:
SF:src\shared\models\auth\token-payload.model.ts
FNF:0
FNH:0
DA:1,1
DA:3,1
LF:2
LH:2
BRF:0
BRH:0
end_of_record
